 ---=== Start Migration of project export-talend7-context ===---
 * Task [Remove routine folder] : Applied successfully
 * Task [Change xmi serialization] : Nothing to do
 * Task [Clean all folders from project] : Applied successfully
 * Task [Remove the use of bin folder.] : Applied successfully
 * Task [UpdateExistentMigrationTasksToAdaptNewMigrationSystemMigrationTask] : Nothing to do
 * Task [ChangeMysqlVersionForProjectSetting] : Nothing to do
 * Task [ChangeOracleVersionForProjectSetting] : Nothing to do
 * Task [Remove routine dependency on talend jars] : Nothing to do
 * Task [ChangePostgresDbVersionForProjectSetting] : Nothing to do
 * Task [Encrypt passwords in new password fields of project settings implicit context load and stats logs] : Nothing to do
 * Task [UnifyPasswordEncryption4ProjectSettingsMigrationTask] : Nothing to do
 * Task [ChangeComponentSettingNameMigrationTask] : Applied successfully
 * Task [Remove routine dependency on antlr-3.3 jars] : Nothing to do
 * Task [RemoveProjectLibsFolder] : Nothing to do
 * Task [RemoveConfigMavenRepository] : Applied successfully
 * Task [ChangeMappingFileMigrationTask] : Applied successfully
 * Task [AddJavaVersionMigrationTask] : Applied successfully
 * Task [ResetMavenTemplateMigrationTask] : Applied successfully
 * Task [UpdateToJava8VersionMigrationTask] : Applied successfully
 * Task [Add Product Values] : Nothing to do
 * Task [UpdateGitIgnoreMigrationTask] : Nothing to do
 * Task [ChangeDriverJarForProjectSetting] : Nothing to do
 * Task [RepositoryProjectDate] : Applied successfully
 * Task [RemovePigudfModulesMigrationTask] : Nothing to do
 * Task [RefactoDeltaMergeOption] : Nothing to do
 * Task [Clean all metadata in poms folder] : Nothing to do
 * Task [AddKafkaExtraInfo] : Nothing to do
 * Task [Rename tRunProcess] : Applied successfully
 * Task [Rename tMysqlOutputBulkExec] : Applied successfully
 * Task [Rename tCatcher] : Applied successfully
 * Task [Upgrade tUniqRow (Perl)] : Nothing to do
 * Task [重命名 tDBxxTotOraclexx] : Applied successfully
 * Task [重命名 tDBxxTotMySQLxx] : Applied successfully
 * Task [重命名 tDBxxTotPostgresqlxx] : Applied successfully
 * Task [重命名 tDBxxTotMssqlxx] : Applied successfully
 * Task [迁移 tRowGenerator] : Applied successfully
 * Task [升级 tWarn 和 tDie 优先级] : Applied successfully
 * Task [重命名 tFileZip 和 tFileUnzip 组件] : Applied successfully
 * Task [Replace run before and after connection] : Applied successfully
 * Task [Rename jobs with spaces] : Applied successfully
 * Task [Add two attributes in DatabaseConnection] : Nothing to do
 * Task [Rename tFTP to tFTPGet-Put-Rename-Delete] : Applied successfully
 * Task [将 tNormalizer 重命名为 tNormalize] : Applied successfully
 * Task [将 tMetter 重命名为 tFlowMeter] : Applied successfully
 * Task [将 tMetterCatcher 重命名为 tFlowMeterCatcher] : Applied successfully
 * Task [Add quote marks to separator after feature 1192 added to trunk.] : Nothing to do
 * Task [Remove quotes in the tRunJobProperties of the component] : Applied successfully
 * Task [更改 tUniqRow 的连接类型] : Applied successfully
 * Task [Add DdColumn name for all DB components] : Applied successfully
 * Task [将旧的 Perl 类型转换为新的类型。] : Nothing to do
 * Task [将 tXMLRPC 重命名为 tXMLRPCInput] : Applied successfully
 * Task [Rename tFileInputCSV to tFileInputDelimited] : Applied successfully
 * Task [Rename tFileOutputCSV to tFileOutputDelimited] : Applied successfully
 * Task [升级映射 tAdvancedFileOutputXML] : Applied successfully
 * Task [Set the Die On Error option default value as false] : Applied successfully
 * Task [重命名名为 __CLASS_NAME__ 的类] : Nothing to do
 * Task [Add rename checkbox on tFileCopy for java component] : Applied successfully
 * Task [添加文本字段中包含的引用数组指针和未引用数组] : Nothing to do
 * Task [添加表字段中包含的引用数组指针和未引用数组] : Nothing to do
 * Task [Change Lookup Column Value] : Applied successfully
 * Task [在连接中添加连接器名称] : Nothing to do
 * Task [Rename run if ok connection.] : Applied successfully
 * Task [Rename run if error connection.] : Applied successfully
 * Task [Rename then run connection.] : Applied successfully
 * Task [tReplicate 更改] : Nothing to do
 * Task [Update the Attributes of tAdvancedFileOutputXML] : Applied successfully
 * Task [Upgrade the Attributes of tFilterRow] : Applied successfully
 * Task [Upper case the Db type of tCreateTable.] : Applied successfully
 * Task [Rename tBuffer] : Applied successfully
 * Task [Rename tMapPersistent] : Applied successfully
 * Task [Replace old syntax of script code for context variables] : Nothing to do
 * Task [Rename tFor to tLoop] : Applied successfully
 * Task [Replace space character for repository items name] : Nothing to do
 * Task [Replace the context variables name] : Nothing to do
 * Task [Update the action on table drop box] : Nothing to do
 * Task [Rename DB macro name DBTABLE to TABLE] : Applied successfully
 * Task [Replace DELIMITER, GROUPS, MERGE with DENORMALIZE_COLUMNS] : Applied successfully
 * Task [Change Default Value] : Applied successfully
 * Task [Change check box default value to false] : Applied successfully
 * Task [Change value] : Applied successfully
 * Task [Excel sheetname to sheetlist] : Nothing to do
 * Task [Upgrade the parameters reference] : Nothing to do
 * Task [Add the double quote enclosure to tMomInput and tMomOutput] : Applied successfully
 * Task [Excel sheetname to sheetlist for java] : Applied successfully
 * Task [HandleOracleSchemaMigrationTask] : Applied successfully
 * Task [Change values of tLogRow checks] : Applied successfully
 * Task [将引号添加到模块列表] : Applied successfully
 * Task [RenametFTPToFTPGetMigrationTaskForPerl] : Nothing to do
 * Task [RenametForForPerl] : Nothing to do
 * Task [Rename DB product ID] : Nothing to do
 * Task [Change sql pattern value] : Nothing to do
 * Task [rename tFor_ variable to tLoop_ variable] : Applied successfully
 * Task [rename tFileInputBasic into tFileIntoFullRow] : Applied successfully
 * Task [Replace tRunJob label variable] : Applied successfully
 * Task [Add family field in component setting migration task.] : Nothing to do
 * Task [wrap tSSH parameter with double quot to support context variable] : Applied successfully
 * Task [MigrationTaskForIssue4449] : Applied successfully
 * Task [remove the quote char for tFileInputRegex on header/footer/limited parameters] : Applied successfully
 * Task [add quotes to FileInputRegex header/footer/limit variables.] : Nothing to do
 * Task [Move filemask to filemask list] : Applied successfully
 * Task [add output file name on tJasperOutput] : Applied successfully
 * Task [Use Oracle SID as DB type when use Oracle in Stats and Logs] : Applied successfully
 * Task [Rename tParseXMLRow to tExtractXMLField] : Applied successfully
 * Task [Rename tAggregateRowOpt to tAggregateRow] : Applied successfully
 * Task [Rename tGroup into tMatchGroup] : Applied successfully
 * Task [encrypt database connection password] : Applied successfully
 * Task [set context mode for query] : Nothing to do
 * Task [add double quote to DB SP name] : Applied successfully
 * Task [Rename the XMLMultiSchema to MSXML] : Applied successfully
 * Task [ChangeExtendInsertDefaultValueMigrationTask] : Applied successfully
 * Task [Rename tFSUniq to tFSUnique] : Applied successfully
 * Task [change the type of the return value Server_Alive_Result from String to Boolean] : Applied successfully
 * Task [Rename tLaunchDQAnalyse to tLaunchDQReports] : Applied successfully
 * Task [Rename the db version for access] : Nothing to do
 * Task [Modify tAlfrescoOutput Server field value] : Applied successfully
 * Task [Rename tPivotOutputDelimited to tPivotToColumnsDelimited] : Applied successfully
 * Task [Rename tUnpivotRow to tPivotToRows] : Applied successfully
 * Task [Rename tFSFilterRow to tFSFilterRows] : Applied successfully
 * Task [Rename tWindowKey into tGenKey] : Applied successfully
 * Task [Rename tMergeFields into tSurviveFields] : Applied successfully
 * Task [Add a option and reverse its value on FS components] : Applied successfully
 * Task [AddMomInputToComponentsListMigrationTask] : Applied successfully
 * Task [Migrate JobSettings Parameter for Oracle DB type] : Nothing to do
 * Task [Change Share Identity Setting] : Applied successfully
 * Task [Migrate components to be visible in project settings] : Nothing to do
 * Task [转换 ConnectionItem 的标签。] : Nothing to do
 * Task [Connection add unique name] : Applied successfully
 * Task [MigrationTaskForIssue10862] : Applied successfully
 * Task [Add a new checkbox "transmit original context" for tRunJob] : Applied successfully
 * Task [Add a new checkbox to control attribute option] : Applied successfully
 * Task [Support 3 versions tJavaFlex for bug11754] : Applied successfully
 * Task [SalesforceTimeoutMigrationTask] : Nothing to do
 * Task [MysqlOutputDBVersionForBug13250] : Nothing to do
 * Task [ChangeJDBCDriverJarTypeForFeature12879] : Applied successfully
 * Task [add blocking for tRecordMatching 13701] : Applied successfully
 * Task [AddWebServiceOutputTableMigrationTask] : Applied successfully
 * Task [AddRulesGlobalMapMigrationTask] : Nothing to do
 * Task [RenameConnectionNameofSalesforceOutput] : Applied successfully
 * Task [Add Connection Version for Jobsetting] : Nothing to do
 * Task [rename customer column] : Applied successfully
 * Task [MdmConceptMigrationTask] : Nothing to do
 * Task [Set name for database connection] : Applied successfully
 * Task [ChangeActiveMqJarName4MOMComponents] : Applied successfully
 * Task [Set password encrypt in item file] : Nothing to do
 * Task [ELTMapSaveToEmfMigrationTask] : Applied successfully
 * Task [TMapSaveToEmfMigrationTask] : Applied successfully
 * Task [TXMLMapChangeAllInOneValueMigrationTask] : Applied successfully
 * Task [Fix a problem of project resources linked to items] : Nothing to do
 * Task [Reset the field value of tInfiniteLoop] : Applied successfully
 * Task [UpgrateDatabaseTypeForSybaseConnection] : Applied successfully
 * Task [Rename ldap password parameter] : Applied successfully
 * Task [Rename tELTXXX to tSQLTemplateXXX] : Applied successfully
 * Task [Change the tFileOutputXML parameter value for the context,add quote to value] : Applied successfully
 * Task [SalesforceMultiSchemaMigrationTask] : Nothing to do
 * Task [AddScreenshotFileMigrationTask] : Applied successfully
 * Task [Rename pig mode parameter] : Applied successfully
 * Task [MigratetFileOutputDelimitedAndtFileInputDelimitedMigrationTask] : Applied successfully
 * Task [Change Routines Parameter] : Applied successfully
 * Task [Modify tFileUnarchive ZIPFILE field value] : Applied successfully
 * Task [Rename ContextGroup Name] : Nothing to do
 * Task [set default value of ESCAPE of tPigCode] : Applied successfully
 * Task [ConsumerFaultResponseMigrationTask] : Applied successfully
 * Task [set default value from true to false of USE_BATCH_SIZE of tDBOutput in TDI-19299] : Applied successfully
 * Task [Rename mssqlconnection schema parameter] : Applied successfully
 * Task [ChangeValueTDIBug19870] : Applied successfully
 * Task [change jobscript content value] : Nothing to do
 * Task [Rename pig parameters] : Applied successfully
 * Task [CheckAndUpdateStatus] : Nothing to do
 * Task [AddCopyBookXc2jFileMigrationTask] : Nothing to do
 * Task [Set the standalone value for the connection mode for old jobs.] : Applied successfully
 * Task [Set true for trim option for the bug TDI-20394] : Applied successfully
 * Task [SetFilterTiemFromTotoFromPOPComponentsMigrationTask] : Applied successfully
 * Task [Add additionalField to the job model] : Nothing to do
 * Task [ChangeDefaultValueTDIBug21708] : Nothing to do
 * Task [If the data container contains #STAGING, then we remove this tag and we set the closed list to STAGING] : Applied successfully
 * Task [Replace host and port by namenode uri for hadoop components] : Applied successfully
 * Task [ChangetMongoDBInputSortTextToTable] : Applied successfully
 * Task [Add a distribution closed list for a better visibility in the hadoop components.] : Applied successfully
 * Task [ChangeOptionDefaultValueFortNormalize] : Applied successfully
 * Task [ChangeSpecifyKeysAndColumnsFortCassandraInput] : Applied successfully
 * Task [ChangeDefaultValueFortNormalizeCSVOption] : Applied successfully
 * Task [ChangeDefaultClientMode4OldJobsBonitaInstantiateProcess] : Applied successfully
 * Task [ChangeOracleJarName4OracleComponents] : Applied successfully
 * Task [ChangeOracleJarName4OracleComponentsByDB_VERSION] : Applied successfully
 * Task [UpdateJobSettingsForOracle] : Nothing to do
 * Task [ChangeOracleJarName4OracleDriver] : Applied successfully
 * Task [ChangeMysqlJarReference4MysqlComponents] : Applied successfully
 * Task [ChangeELTHiveOutputPartitionValue] : Applied successfully
 * Task [ChangeVersionValue4HDFSComponents] : Applied successfully
 * Task [UpdateJobSettingsForMysqlMigrationTask] : Nothing to do
 * Task [SettingValuesIntoHadoopPropertiesFortHiveConnection] : Applied successfully
 * Task [RenametStandardizePhoneNumberColumnName] : Applied successfully
 * Task [Set the Define jar option to true for old jobs.] : Applied successfully
 * Task [ChangeHadoopVersionValue4TDQComponents] : Applied successfully
 * Task [SetReadByJSONPathToFalse] : Applied successfully
 * Task [AddCaseSensitiveToTCreateTableWithHSQLDB] : Applied successfully
 * Task [UpdateJobSettingsForOracleMigrationTask2] : Nothing to do
 * Task [encrypt passwords in new password fields of jobs] : Applied successfully
 * Task [MoveStartsLinkFromPartitionerToDepartitioner] : Applied successfully
 * Task [ChangeBagName4tPigCode] : Applied successfully
 * Task [UniqueJoinKeyParameterTMatchGroup] : Applied successfully
 * Task [ChangePigVersionOfPigLoadMigrationTask] : Applied successfully
 * Task [ChangeHadoopVersionsOfReferenceComponentsMigrationTask] : Applied successfully
 * Task [ChangeExtendedInsert2FALSE4tRedshiftOutput] : Applied successfully
 * Task [ChangeFileInputJSONUrlUnCheckWhenXpathCheck] : Applied successfully
 * Task [ChangeDeleteEmptyFileValueIfAppendTrueFeatureTDI26625] : Applied successfully
 * Task [AddAPIVersion4tMSCRM] : Applied successfully
 * Task [ExcleGenerationModeMigrationTask] : Nothing to do
 * Task [ChangeDBName4Hive] : Applied successfully
 * Task [Modify tFileUnarchive ZIPFILE field value(DI_DEMOS)] : Applied successfully
 * Task [CleanDBSchemaOntCreateTableMigrationTask] : Applied successfully
 * Task [AddNewFieldsForTDQHadoopComponentsTask] : Applied successfully
 * Task [RenameOracleRACToOracleCustomMigrationTask] : Nothing to do
 * Task [Fix Wrong DB Types] : Nothing to do
 * Task [ChangeSalesForceComponetsCustomerModuleName] : Applied successfully
 * Task [ChangeUsername4Hive] : Applied successfully
 * Task [ChangeJavaAPIAsDefault4SqoopMigrationTask] : Applied successfully
 * Task [Remove Error Tag] : Nothing to do
 * Task [RemoveUseHadoopPropertiesFortMRConfiguration] : Nothing to do
 * Task [ChangeDefaultEncodingMigrationTask] : Applied successfully
 * Task [AddDBConnectionVersionMigrationTask] : Nothing to do
 * Task [SetTrim4tFileOutputXML] : Applied successfully
 * Task [AddLoginTypeForSalesforceMigrationTask] : Nothing to do
 * Task [ChangeDefaultValueFortCassandraOutputDefineCFStructure] : Applied successfully
 * Task [AddHashKeyFromInputConnector4tHashOutput] : Applied successfully
 * Task [SetContextDumpHidePasswordToFalse] : Applied successfully
 * Task [UpdateJobSettingsForPostgresMigrationTask] : Nothing to do
 * Task [ChangeRecordMatchingCustomFunctionValueTask] : Applied successfully
 * Task [Encrypt passwords in new password fields of job settings implicit context load and stats logs] : Applied successfully
 * Task [Add the gid use string parameter if not have, value=false] : Applied successfully
 * Task [ChangeUseBatchSizetoFalse4AS400] : Applied successfully
 * Task [CorrectTeradataTPTExecInserterOperatorToLoad] : Applied successfully
 * Task [ChangeRecalculateFormulaValueMigrationTask] : Applied successfully
 * Task [AddCDCTypeForOracleCDCMigrationTask] : Applied successfully
 * Task [DBMapSplitTableConstraintFiltersMigrationTask] : Applied successfully
 * Task [ChangeParameterName4tMDMConnection] : Applied successfully
 * Task [Add a option and reverse its value on FS components] : Applied successfully
 * Task [CorrectDBVersionListForAS400] : Applied successfully
 * Task [UnifyPasswordEncryption4LdapConnectionMigrationTask] : Nothing to do
 * Task [UnifyPasswordEncryption4SalesforceSchemaConnectionMigrationTask] : Nothing to do
 * Task [UnifyPasswordEncryption4ContextMigrationTask] : Nothing to do
 * Task [UnifyPasswordEncryption4DBConnectionMigrationTask] : Nothing to do
 * Task [UnifyPasswordEncryption4ParametersInJobMigrationTask] : Applied successfully
 * Task [UnifyPasswordEncryption4FtpConnectionMigrationTask] : Nothing to do
 * Task [UnifyPasswordEncryption4MDMConnectionMigrationTask] : Nothing to do
 * Task [UnifyPasswordEncryption4WsdlConnectionMigrationTask] : Nothing to do
 * Task [SetDieOnErrorFalse4tSCPDelete] : Applied successfully
 * Task [SetDefaultValue4tWriteJSONFieldGroupByOutput] : Applied successfully
 * Task [RemoveUnuseQuoteOnTLoop] : Applied successfully
 * Task [ChangeReadByParameter4tFileInputJSON] : Applied successfully
 * Task [Set tStoreResult associated tPigLoad] : Applied successfully
 * Task [ChangeMappingParameter4Redshift] : Applied successfully
 * Task [ChangeParameter4tSAPIDocOutput] : Applied successfully
 * Task [ChangeDefaultValue4tMarketoOutput] : Applied successfully
 * Task [AddSchemaDefaultValue4tFileInputDelimited] : Applied successfully
 * Task [CorrectBatchModeForDBComponents] : Applied successfully
 * Task [CorrectBatchModeForTeradataOutput] : Applied successfully
 * Task [CorrectBatchModeForJDBCOutput] : Applied successfully
 * Task [MdmAddVersionMigrationTask] : Nothing to do
 * Task [SetDefaultVauleMDMServerVersionFeatureTDI31722] : Applied successfully
 * Task [CorrectBatchSizeForDBComponents] : Applied successfully
 * Task [CorrectBatchSizeForDBComponentsMore] : Applied successfully
 * Task [ChangeDefaultValue4JSONComponents] : Applied successfully
 * Task [MapNetsuiteOperatorValueTDI32245] : Applied successfully
 * Task [ChangeMongoDBMinimalVersion] : Applied successfully
 * Task [ChangeValue4BonitaComponents] : Applied successfully
 * Task [ODBCMigrationTask] : Applied successfully
 * Task [ActivateQueryLogging] : Applied successfully
 * Task [MigrateEncoding4tSalesforceWave] : Applied successfully
 * Task [ChangeDefaultValueForCassandraAPIVersion] : Applied successfully
 * Task [AccessMigrationTask] : Applied successfully
 * Task [AddPortForTCassandraConfigurationSpark] : Applied successfully
 * Task [AddTableActionForUpdateCassandraDatastax] : Applied successfully
 * Task [UnifyParameterOfDatastaxAndHectorForCassandra] : Applied successfully
 * Task [MigrateDeprecatedHadoopDistribution1] : Applied successfully
 * Task [ChangeDefaultSparkSerializer] : Nothing to do
 * Task [Set default readby mode] : Nothing to do
 * Task [BuildRecycleBinIndexMigrationTask] : Applied successfully
 * Task [ChangeDefaultValue4tLogRow] : Applied successfully
 * Task [ChangeBatchParameter4SomeDBComponents] : Applied successfully
 * Task [CheckIncludeSeparatorOnTFileOutputPositional] : Nothing to do
 * Task [ChangeLocalModeForSparkConfiguration] : Nothing to do
 * Task [ChangeOptionDefaultValueForFileArchive] : Applied successfully
 * Task [DisableUseBatchWhenRejectLineExists] : Applied successfully
 * Task [StripslachesOnQuotesForTCollectAndCheck] : Nothing to do
 * Task [UpdateKakfaInputConsumerTimeoutAndAutoOffsetTask] : Applied successfully
 * Task [ReviewPigLoadLayout] : Applied successfully
 * Task [RenameSparkVersions] : Nothing to do
 * Task [ChangeDBVersionValue4BonitaComponents] : Applied successfully
 * Task [TickDieOnError4tFileUnarchive] : Applied successfully
 * Task [ChangeLogLevel4tRedshiftInput] : Nothing to do
 * Task [FixUnevenItemContextParametersMigrationTask] : Nothing to do
 * Task [AddContextCommentValueMigrationTask] : Nothing to do
 * Task [ChangeDefaultValueForCassandra3Version] : Nothing to do
 * Task [NewGenericWizardMigrationTask] : Nothing to do
 * Task [SetDefaultValueForNewerEmailFirstOfTDI35976] : Nothing to do
 * Task [ChangeDefaultValueForCassandraOutputBatch] : Nothing to do
 * Task [NewSalesforceMigrationTask] : Nothing to do
 * Task [Add XMI Id for context item] : Nothing to do
 * Task [UpdateUrlForRedShiftMigrationTask] : Nothing to do
 * Task [SubstituteRemovedMDMOperatorMigrationTask] : Nothing to do
 * Task [RenameDriverJarPathForDBConnectionMigrationTask] : Nothing to do
 * Task [RemoveDuplicatedContextGroupMigrationTask] : Nothing to do
 * Task [UpdateJobletContextInJobMigrationTask] : Nothing to do
 * Task [ReplaceVarcharArrayWithVarcharIssueTDI35719] : Nothing to do
 * Task [Salesforce620Migration] : Applied successfully
 * Task [Salesforce620WizardMigration] : Nothing to do
 * Task [ReviseInvalidContextNamesMigrationTask] : Nothing to do
 * Task [UpdateELTComponentMigrationTask] : Nothing to do
 * Task [AddDefaultVersionValueForElasticsearchLookupInput] : Nothing to do
 * Task [Change MSSQL DBVersion] : Nothing to do
 * Task [ChangeTypeMappingForRedshift] : Nothing to do
 * Task [AddNewIgnoreNullSettingForTMicrosoftCrmOutputTask] : Nothing to do
 * Task [UncheckExceptionOnFileExistMigrationTask] : Nothing to do
 * Task [ResetVMArgumentMigrationTask] : Nothing to do
 * Task [NewAzureBlobMigrationTask] : Nothing to do
 * Task [NewMarketoMigrationTask] : Nothing to do
 * Task [NewNetsuiteMigrationTask] : Nothing to do
 * Task [ResetItemLabelMigrationTask] : Nothing to do
 * Task [AddApiModeToMarketoComponentsMigrationTask] : Nothing to do
 * Task [ChangeDBversionForSybaseIQMigrationTask] : Nothing to do
 * Task [Set FailOn property to true if copy directory else set to false] : Nothing to do
 * Task [Set the Spark Dataframe Alphabatical sort order in tHiveOutput and tFileOutputParquet] : Nothing to do
 * Task [reset the 'COLUMN_DELIMITER' parameter] : Nothing to do
 * Task [Set the 'skip tailing zeros for BigDecimal' setting to false if it was null] : Applied successfully
 * Task [Configure the new INCLUDTRASHFILES property to 'true' in order to keep the same behavior as before] : Nothing to do
 * Task [NewJDBCMigrationTask] : Nothing to do
 * Task [NewMarkLogicMigrationTask] : Nothing to do
 * Task [NewGoogleDriveMigrationTask] : Nothing to do
 * Task [Dataprep701MigrationTask] : Nothing to do
 * Task [MigrationTaskFortOleDbCoseConnection] : Nothing to do
 * Task [Fill the default db version of mssql for Jobsetting] : Nothing to do
 * Task [ChangeTMatchGroupOutputConnectorTask] : Nothing to do
 * Task [NewJDBCConnectionMigrationTask] : Nothing to do
 * Task [DriverJarMigration] : Nothing to do
 * Task [AddSchemaDatePatternUseForImpalaTask] : Nothing to do
 * Task [TExtractJSONSplitListMigrationTask] : Nothing to do
 * Task [RenameParamName4tS3XXServerEncryption] : Nothing to do
 * Task [AddDefaultFTPSPortMigrationTask] : Nothing to do
 * Task [WriteJSONQuoteAllValuesMigrationTask] : Nothing to do
 * Task [FileInputPositionalByteLengthMigrationTask] : Nothing to do
 * Task [EscapeQuoterForTNormalize] : Nothing to do
 * Task [KeepChangeRemoteDirFalseForFTPFileExist] : Nothing to do
 * Task [AddTypeNameInConnection] : Nothing to do
 * Task [RenameELTJDBCComponentsMigrationTask] : Nothing to do
 * Task [AddDbMappingTTeradataFastLoadMigrationTask] : Nothing to do
 * Task [PostgresqlDefaultDBVersion] : Nothing to do
 * Task [MySQLDefaultDBVersion] : Nothing to do
 * Task [UseOracle11VersionInsteadOfRemoved] : Nothing to do
 * Task [CheckS3AccessibilityMigrationTask] : Nothing to do
 * Task [DecrementLimitTFileInputDelimitedTDI32185] : Nothing to do
 * Task [SetTrustAllCertsLdapComponentsTDI41648] : Nothing to do
 * Task [RedshiftLogFileMigrationTask] : Nothing to do
 * Task [ResetAdditionalJDBCParamsForCreateTable] : Nothing to do
 * Task [SafelyCreateTemporaryFileMigrationTask] : Nothing to do
 * Task [MigrateTDataMaskingGuiTDQ16376] : Nothing to do
 * Task [RenameSalesforceWaveMigrationTask] : Nothing to do
 * Task [CleanCustomerMatcherField] : Nothing to do
 * Task [RenameTCOMPCouchbaseMigrationTask] : Nothing to do
 * Task [EncryptTckMetadataMigrationTask] : Nothing to do
 * Task [AddEncodingTypeForDQComponentsTask] : Nothing to do
 * Task [AddRAWFlowTPatternMasking] : Nothing to do
 * Task [changeDBVersionForMapROJAIOutputMigrationTask] : Nothing to do
 * Task [SAPBAPIParameterTypeMigrationTask] : Nothing to do
 * Task [UseDefaultJSONWrappingStandard] : Nothing to do
 * Task [AddMissingContextMigrationTask] : Nothing to do
 * Task [cleanLoginAndPasswordForRedshiftSqlForSSO] : Nothing to do
 * Task [oracleSPAutomappingDateToTimestampTask] : Nothing to do
 * Task [UpgradePasswordEncryptionAlg4ItemMigrationTask] : Applied successfully
 * Task [ChangeCDCTypeForOracle18TDI43319] : Nothing to do
 * Task [Fix empty process id parameters for tRunjob node] : Nothing to do
 * Task [ChangeDefaultValueTDI36397] : Nothing to do
 * Task [ChangeDBVersionValue4BonitaComponentsTDI43395] : Nothing to do
 * Task [SetGlobalTimestampOptionForPreviousVersions] : Nothing to do
 * Task [RenameSQLDWHMigrationTask] : Nothing to do
 * Task [ChangeDQComponentsLicenseKeyFieldTask] : Nothing to do
 * Task [ChangeJDBCConnectionsPropertiesMigrationTask] : Nothing to do
 * Task [CreateContextLinkMigrationTask] : Nothing to do
 * Task [UpdatetPersonatorOutputSchemaTask] : Nothing to do
 * Task [ChangeDefaultLoadMethod4tSynapseBulkExec] : Nothing to do
 * Task [ChangeDefaultDriverForMSSqlMigrationTask] : Nothing to do
 * Task [DbOperatorMigrationTask] : Nothing to do
 * Task [GoogleStorageSetDefaultAuthTypeMigrationTask] : Nothing to do
 * Task [RenameEXAMigrationTask] : Nothing to do
 * Task [Change MSSQL Default DBVersion] : Nothing to do
 * Task [BigQuerySetDefaultAuthTypeForGSMigrationTask] : Nothing to do
 * Task [CheckAzureBlobStorageKeepRemoteDirJavajetToTCOMPv0] : Nothing to do
 * Task [UpdateSeparatorAndEscapeForDatasetAPI] : Nothing to do
 * Task [TeradataTPTAddDatabaseNameToOptionalTablesMigrationTask] : Nothing to do
 * Task [SetDefaultPartSizeForTGSPutMigrationTask] : Nothing to do
 * Task [UncheckTrustAllMigrationTask] : Nothing to do
 * Task [EnabletPersonatorAddressBasicSettingTask] : Nothing to do
 * Task [UpdateModuleListInComponentsMigrationTask] : Nothing to do
 * Task [ChangeELTPostgresDbVersionMigrationTask] : Nothing to do
 * Task [SpecialUpdateELTDefaultNameMigrationTask] : Nothing to do
 * Task [RevertJDBCContextModeMappingFileValueMigrationTask] : Nothing to do
 * Task [UncheckUseExtraParameterMigrationTask] : Nothing to do
 * Task [SetDatasetCheckBoxGlobalOption] : Nothing to do
 * Task [ChangeDefaultDriver4GreenplumMigrationTask] : Nothing to do
 * Task [ChangeTMatchGroupConfidentWeightTypeTask] : Nothing to do
 * Task [FixModuleListInBDJDBCMigrationTask] : Nothing to do
 * Task [ChangeFileInputDynamicFieldLength] : Nothing to do
 * Task [SpecialUpdateELTEnableColumnAliasMigrationTask] : Nothing to do
 * Task [FixUpgradePasswordEncryptionAlg4ItemMigrationTask] : Nothing to do
 * Task [UpdateModuleListInComponents2MigrationTask] : Nothing to do
 * Task [SetUseLocalTimezone] : Nothing to do
 * Task [RemoveDefaultProxyIPTask] : Nothing to do
 * Task [ReplaceDefaultProxyIPMigrationTask] : Nothing to do
 * Task [ReplaceInheritCredentialCheckBoxWithDropDownListTask] : Nothing to do
 * Task [SetForceCopyFortFileCopy] : Nothing to do
 * Task [ChangeGreenplumDefaultDriverMigrationTask] : Nothing to do
 * Task [AddEncodingToPostParametersFortFileFetchMigrationTask] : Nothing to do
 * Task [RemoveDeprecateSASItemMigrationTask] : Nothing to do
 * Task [CheckLastModifyTFileCopyTask] : Nothing to do
 * Task [ReplaceInheritCredentialCheckBoxWithDropDownListTaskForRedshift] : Nothing to do
 * Task [UncheckBson2JsonTask] : Nothing to do
 * Task [RenameConnectionName4tSQSOutput] : Nothing to do
 * Task [ChangeDBVersion4tSAPConnection] : Nothing to do
 * Task [AddHourFormatToBigqueryBulkOutput] : Applied successfully
 * Task [SetDefaultValueForAttributesToElements] : Applied successfully
 * Task [UpdateEncryptTckMetadataMigrationTask] : Nothing to do
 * Task [AutoUpdateRelationsMigrationTask] : Applied successfully
 ---=== End of migration ===---
